{"/Users/surendradura/nasa_system/backend/src/app.js": {"path":"/Users/surendradura/nasa_system/backend/src/app.js","statementMap":{"0":{"start":{"line":1,"column":16},"end":{"line":1,"column":34}},"1":{"start":{"line":2,"column":13},"end":{"line":2,"column":28}},"2":{"start":{"line":4,"column":19},"end":{"line":4,"column":49}},"3":{"start":{"line":6,"column":12},"end":{"line":6,"column":21}},"4":{"start":{"line":9,"column":0},"end":{"line":9,"column":16}},"5":{"start":{"line":10,"column":0},"end":{"line":10,"column":24}},"6":{"start":{"line":13,"column":0},"end":{"line":13,"column":28}},"7":{"start":{"line":16,"column":0},"end":{"line":18,"column":3}},"8":{"start":{"line":17,"column":2},"end":{"line":17,"column":52}},"9":{"start":{"line":21,"column":0},"end":{"line":21,"column":21}},"10":{"start":{"line":24,"column":0},"end":{"line":24,"column":31}}},"fnMap":{"0":{"name":"(anonymous_0)","decl":{"start":{"line":16,"column":13},"end":{"line":16,"column":14}},"loc":{"start":{"line":16,"column":27},"end":{"line":18,"column":1}},"line":16}},"branchMap":{},"s":{"0":1,"1":1,"2":1,"3":1,"4":1,"5":1,"6":1,"7":1,"8":0,"9":1,"10":1},"f":{"0":0},"b":{},"_coverageSchema":"1a1c01bbd47fc00a2c39e90264f33305004495a9","hash":"24de43966e56aaaa1f78fa48c9ff55dc526697ab"}
,"/Users/surendradura/nasa_system/backend/src/config/config.js": {"path":"/Users/surendradura/nasa_system/backend/src/config/config.js","statementMap":{"0":{"start":{"line":1,"column":0},"end":{"line":1,"column":27}},"1":{"start":{"line":4,"column":0},"end":{"line":8,"column":2}},"2":{"start":{"line":11,"column":0},"end":{"line":15,"column":3}}},"fnMap":{},"branchMap":{"0":{"loc":{"start":{"line":5,"column":8},"end":{"line":5,"column":32}},"type":"binary-expr","locations":[{"start":{"line":5,"column":8},"end":{"line":5,"column":24}},{"start":{"line":5,"column":28},"end":{"line":5,"column":32}}],"line":5},"1":{"loc":{"start":{"line":12,"column":8},"end":{"line":12,"column":32}},"type":"binary-expr","locations":[{"start":{"line":12,"column":8},"end":{"line":12,"column":24}},{"start":{"line":12,"column":28},"end":{"line":12,"column":32}}],"line":12},"2":{"loc":{"start":{"line":13,"column":14},"end":{"line":13,"column":65}},"type":"cond-expr","locations":[{"start":{"line":13,"column":41},"end":{"line":13,"column":53}},{"start":{"line":13,"column":56},"end":{"line":13,"column":65}}],"line":13}},"s":{"0":1,"1":1,"2":1},"f":{},"b":{"0":[1,0],"1":[1,0],"2":[1,0]},"_coverageSchema":"1a1c01bbd47fc00a2c39e90264f33305004495a9","hash":"68dd26b6569d830fe4ca8f572ec045790105f58d"}
,"/Users/surendradura/nasa_system/backend/src/controllers/nasaController.js": {"path":"/Users/surendradura/nasa_system/backend/src/controllers/nasaController.js","statementMap":{"0":{"start":{"line":1,"column":20},"end":{"line":1,"column":54}},"1":{"start":{"line":4,"column":0},"end":{"line":12,"column":2}},"2":{"start":{"line":5,"column":2},"end":{"line":11,"column":3}},"3":{"start":{"line":6,"column":17},"end":{"line":6,"column":44}},"4":{"start":{"line":7,"column":4},"end":{"line":7,"column":31}},"5":{"start":{"line":9,"column":4},"end":{"line":9,"column":57}},"6":{"start":{"line":10,"column":4},"end":{"line":10,"column":62}},"7":{"start":{"line":15,"column":0},"end":{"line":23,"column":2}},"8":{"start":{"line":16,"column":2},"end":{"line":22,"column":3}},"9":{"start":{"line":17,"column":17},"end":{"line":17,"column":50}},"10":{"start":{"line":18,"column":4},"end":{"line":18,"column":31}},"11":{"start":{"line":20,"column":4},"end":{"line":20,"column":57}},"12":{"start":{"line":21,"column":4},"end":{"line":21,"column":69}},"13":{"start":{"line":26,"column":0},"end":{"line":33,"column":2}},"14":{"start":{"line":27,"column":2},"end":{"line":32,"column":3}},"15":{"start":{"line":28,"column":17},"end":{"line":28,"column":47}},"16":{"start":{"line":29,"column":4},"end":{"line":29,"column":31}},"17":{"start":{"line":31,"column":4},"end":{"line":31,"column":66}},"18":{"start":{"line":36,"column":0},"end":{"line":43,"column":2}},"19":{"start":{"line":37,"column":2},"end":{"line":42,"column":3}},"20":{"start":{"line":38,"column":17},"end":{"line":38,"column":44}},"21":{"start":{"line":39,"column":4},"end":{"line":39,"column":19}},"22":{"start":{"line":41,"column":4},"end":{"line":41,"column":67}},"23":{"start":{"line":46,"column":0},"end":{"line":54,"column":2}},"24":{"start":{"line":47,"column":2},"end":{"line":53,"column":3}},"25":{"start":{"line":48,"column":18},"end":{"line":48,"column":40}},"26":{"start":{"line":49,"column":17},"end":{"line":49,"column":54}},"27":{"start":{"line":50,"column":4},"end":{"line":50,"column":19}},"28":{"start":{"line":52,"column":4},"end":{"line":52,"column":55}},"29":{"start":{"line":57,"column":0},"end":{"line":57,"column":42}}},"fnMap":{"0":{"name":"(anonymous_0)","decl":{"start":{"line":4,"column":18},"end":{"line":4,"column":19}},"loc":{"start":{"line":4,"column":38},"end":{"line":12,"column":1}},"line":4},"1":{"name":"(anonymous_1)","decl":{"start":{"line":15,"column":24},"end":{"line":15,"column":25}},"loc":{"start":{"line":15,"column":44},"end":{"line":23,"column":1}},"line":15},"2":{"name":"(anonymous_2)","decl":{"start":{"line":26,"column":21},"end":{"line":26,"column":22}},"loc":{"start":{"line":26,"column":41},"end":{"line":33,"column":1}},"line":26},"3":{"name":"(anonymous_3)","decl":{"start":{"line":36,"column":18},"end":{"line":36,"column":19}},"loc":{"start":{"line":36,"column":38},"end":{"line":43,"column":1}},"line":36},"4":{"name":"(anonymous_4)","decl":{"start":{"line":46,"column":23},"end":{"line":46,"column":24}},"loc":{"start":{"line":46,"column":43},"end":{"line":54,"column":1}},"line":46}},"branchMap":{"0":{"loc":{"start":{"line":9,"column":18},"end":{"line":9,"column":55}},"type":"binary-expr","locations":[{"start":{"line":9,"column":18},"end":{"line":9,"column":38}},{"start":{"line":9,"column":42},"end":{"line":9,"column":55}}],"line":9},"1":{"loc":{"start":{"line":20,"column":18},"end":{"line":20,"column":55}},"type":"binary-expr","locations":[{"start":{"line":20,"column":18},"end":{"line":20,"column":38}},{"start":{"line":20,"column":42},"end":{"line":20,"column":55}}],"line":20},"2":{"loc":{"start":{"line":48,"column":18},"end":{"line":48,"column":40}},"type":"binary-expr","locations":[{"start":{"line":48,"column":18},"end":{"line":48,"column":29}},{"start":{"line":48,"column":33},"end":{"line":48,"column":40}}],"line":48}},"s":{"0":1,"1":1,"2":3,"3":3,"4":3,"5":0,"6":0,"7":1,"8":3,"9":3,"10":3,"11":0,"12":0,"13":1,"14":2,"15":2,"16":2,"17":0,"18":1,"19":3,"20":3,"21":3,"22":0,"23":1,"24":4,"25":4,"26":4,"27":4,"28":0,"29":1},"f":{"0":3,"1":3,"2":2,"3":3,"4":4},"b":{"0":[0,0],"1":[0,0],"2":[4,1]},"_coverageSchema":"1a1c01bbd47fc00a2c39e90264f33305004495a9","hash":"9d731bba80aa94f2b0346a026bafde60da3cf08e"}
,"/Users/surendradura/nasa_system/backend/src/routes/nasaRoutes.js": {"path":"/Users/surendradura/nasa_system/backend/src/routes/nasaRoutes.js","statementMap":{"0":{"start":{"line":1,"column":16},"end":{"line":1,"column":34}},"1":{"start":{"line":2,"column":15},"end":{"line":2,"column":31}},"2":{"start":{"line":4,"column":23},"end":{"line":4,"column":63}},"3":{"start":{"line":7,"column":0},"end":{"line":7,"column":44}},"4":{"start":{"line":8,"column":0},"end":{"line":8,"column":50}},"5":{"start":{"line":9,"column":0},"end":{"line":9,"column":46}},"6":{"start":{"line":10,"column":0},"end":{"line":10,"column":44}},"7":{"start":{"line":11,"column":0},"end":{"line":11,"column":51}},"8":{"start":{"line":14,"column":0},"end":{"line":14,"column":24}},"9":{"start":{"line":17,"column":0},"end":{"line":17,"column":39}}},"fnMap":{},"branchMap":{},"s":{"0":1,"1":1,"2":1,"3":1,"4":1,"5":1,"6":1,"7":1,"8":1,"9":1},"f":{},"b":{},"_coverageSchema":"1a1c01bbd47fc00a2c39e90264f33305004495a9","hash":"fb0f255b45d4abd682a6e5ef2e1877fcbd2422b0"}
,"/Users/surendradura/nasa_system/backend/src/services/nasaService.js": {"path":"/Users/surendradura/nasa_system/backend/src/services/nasaService.js","statementMap":{"0":{"start":{"line":1,"column":14},"end":{"line":1,"column":30}},"1":{"start":{"line":2,"column":15},"end":{"line":2,"column":42}},"2":{"start":{"line":5,"column":19},"end":{"line":7,"column":2}},"3":{"start":{"line":10,"column":0},"end":{"line":26,"column":2}},"4":{"start":{"line":11,"column":2},"end":{"line":25,"column":3}},"5":{"start":{"line":12,"column":16},"end":{"line":14,"column":6}},"6":{"start":{"line":16,"column":4},"end":{"line":16,"column":20}},"7":{"start":{"line":18,"column":4},"end":{"line":18,"column":37}},"8":{"start":{"line":20,"column":4},"end":{"line":24,"column":6}},"9":{"start":{"line":29,"column":0},"end":{"line":60,"column":2}},"10":{"start":{"line":30,"column":2},"end":{"line":59,"column":3}},"11":{"start":{"line":31,"column":16},"end":{"line":39,"column":5}},"12":{"start":{"line":41,"column":4},"end":{"line":41,"column":20}},"13":{"start":{"line":43,"column":4},"end":{"line":43,"column":53}},"14":{"start":{"line":45,"column":4},"end":{"line":58,"column":6}},"15":{"start":{"line":63,"column":0},"end":{"line":77,"column":2}},"16":{"start":{"line":64,"column":2},"end":{"line":76,"column":3}},"17":{"start":{"line":65,"column":16},"end":{"line":67,"column":6}},"18":{"start":{"line":69,"column":4},"end":{"line":69,"column":20}},"19":{"start":{"line":71,"column":4},"end":{"line":71,"column":36}},"20":{"start":{"line":73,"column":4},"end":{"line":75,"column":6}},"21":{"start":{"line":80,"column":0},"end":{"line":108,"column":2}},"22":{"start":{"line":81,"column":2},"end":{"line":107,"column":3}},"23":{"start":{"line":82,"column":16},"end":{"line":84,"column":6}},"24":{"start":{"line":87,"column":19},"end":{"line":94,"column":6}},"25":{"start":{"line":88,"column":19},"end":{"line":88,"column":61}},"26":{"start":{"line":90,"column":6},"end":{"line":93,"column":8}},"27":{"start":{"line":96,"column":4},"end":{"line":96,"column":18}},"28":{"start":{"line":98,"column":4},"end":{"line":98,"column":37}},"29":{"start":{"line":100,"column":4},"end":{"line":106,"column":6}},"30":{"start":{"line":111,"column":0},"end":{"line":130,"column":2}},"31":{"start":{"line":112,"column":2},"end":{"line":129,"column":3}},"32":{"start":{"line":113,"column":16},"end":{"line":118,"column":5}},"33":{"start":{"line":120,"column":4},"end":{"line":120,"column":20}},"34":{"start":{"line":122,"column":4},"end":{"line":122,"column":39}},"35":{"start":{"line":124,"column":4},"end":{"line":128,"column":6}},"36":{"start":{"line":133,"column":0},"end":{"line":133,"column":40}}},"fnMap":{"0":{"name":"(anonymous_0)","decl":{"start":{"line":10,"column":18},"end":{"line":10,"column":19}},"loc":{"start":{"line":10,"column":30},"end":{"line":26,"column":1}},"line":10},"1":{"name":"(anonymous_1)","decl":{"start":{"line":29,"column":24},"end":{"line":29,"column":25}},"loc":{"start":{"line":29,"column":36},"end":{"line":60,"column":1}},"line":29},"2":{"name":"(anonymous_2)","decl":{"start":{"line":63,"column":21},"end":{"line":63,"column":22}},"loc":{"start":{"line":63,"column":33},"end":{"line":77,"column":1}},"line":63},"3":{"name":"(anonymous_3)","decl":{"start":{"line":80,"column":18},"end":{"line":80,"column":19}},"loc":{"start":{"line":80,"column":30},"end":{"line":108,"column":1}},"line":80},"4":{"name":"(anonymous_4)","decl":{"start":{"line":87,"column":32},"end":{"line":87,"column":33}},"loc":{"start":{"line":87,"column":42},"end":{"line":94,"column":5}},"line":87},"5":{"name":"(anonymous_5)","decl":{"start":{"line":111,"column":23},"end":{"line":111,"column":24}},"loc":{"start":{"line":111,"column":50},"end":{"line":130,"column":1}},"line":111}},"branchMap":{"0":{"loc":{"start":{"line":111,"column":30},"end":{"line":111,"column":45}},"type":"default-arg","locations":[{"start":{"line":111,"column":38},"end":{"line":111,"column":45}}],"line":111}},"s":{"0":1,"1":1,"2":1,"3":1,"4":3,"5":3,"6":2,"7":1,"8":1,"9":1,"10":3,"11":3,"12":2,"13":1,"14":1,"15":1,"16":2,"17":2,"18":1,"19":1,"20":1,"21":1,"22":3,"23":3,"24":2,"25":1,"26":0,"27":1,"28":2,"29":2,"30":1,"31":4,"32":4,"33":4,"34":4,"35":4,"36":1},"f":{"0":3,"1":3,"2":2,"3":3,"4":1,"5":4},"b":{"0":[0]},"_coverageSchema":"1a1c01bbd47fc00a2c39e90264f33305004495a9","hash":"2572260a4ad96fe13af84a530c11694f1cd31ae8"}
}
