TN:
SF:src/app.js
FN:16,(anonymous_0)
FNF:1
FNH:0
FNDA:0,(anonymous_0)
DA:1,1
DA:2,1
DA:4,1
DA:6,1
DA:9,1
DA:10,1
DA:13,1
DA:16,1
DA:17,0
DA:21,1
DA:24,1
LF:11
LH:10
BRF:0
BRH:0
end_of_record
TN:
SF:src/config/config.js
FNF:0
FNH:0
DA:1,1
DA:4,1
DA:11,1
LF:3
LH:3
BRDA:5,0,0,1
BRDA:5,0,1,0
BRDA:12,1,0,1
BRDA:12,1,1,0
BRDA:13,2,0,1
BRDA:13,2,1,0
BRF:6
BRH:3
end_of_record
TN:
SF:src/controllers/nasaController.js
FN:4,(anonymous_0)
FN:15,(anonymous_1)
FN:26,(anonymous_2)
FN:36,(anonymous_3)
FN:46,(anonymous_4)
FNF:5
FNH:5
FNDA:3,(anonymous_0)
FNDA:3,(anonymous_1)
FNDA:2,(anonymous_2)
FNDA:3,(anonymous_3)
FNDA:4,(anonymous_4)
DA:1,1
DA:4,1
DA:5,3
DA:6,3
DA:7,3
DA:9,0
DA:10,0
DA:15,1
DA:16,3
DA:17,3
DA:18,3
DA:20,0
DA:21,0
DA:26,1
DA:27,2
DA:28,2
DA:29,2
DA:31,0
DA:36,1
DA:37,3
DA:38,3
DA:39,3
DA:41,0
DA:46,1
DA:47,4
DA:48,4
DA:49,4
DA:50,4
DA:52,0
DA:57,1
LF:30
LH:23
BRDA:9,0,0,0
BRDA:9,0,1,0
BRDA:20,1,0,0
BRDA:20,1,1,0
BRDA:48,2,0,4
BRDA:48,2,1,1
BRF:6
BRH:2
end_of_record
TN:
SF:src/routes/nasaRoutes.js
FNF:0
FNH:0
DA:1,1
DA:2,1
DA:4,1
DA:7,1
DA:8,1
DA:9,1
DA:10,1
DA:11,1
DA:14,1
DA:17,1
LF:10
LH:10
BRF:0
BRH:0
end_of_record
TN:
SF:src/services/nasaService.js
FN:10,(anonymous_0)
FN:29,(anonymous_1)
FN:63,(anonymous_2)
FN:80,(anonymous_3)
FN:87,(anonymous_4)
FN:111,(anonymous_5)
FNF:6
FNH:6
FNDA:3,(anonymous_0)
FNDA:3,(anonymous_1)
FNDA:2,(anonymous_2)
FNDA:3,(anonymous_3)
FNDA:1,(anonymous_4)
FNDA:4,(anonymous_5)
DA:1,1
DA:2,1
DA:5,1
DA:10,1
DA:11,3
DA:12,3
DA:16,2
DA:18,1
DA:20,1
DA:29,1
DA:30,3
DA:31,3
DA:41,2
DA:43,1
DA:45,1
DA:63,1
DA:64,2
DA:65,2
DA:69,1
DA:71,1
DA:73,1
DA:80,1
DA:81,3
DA:82,3
DA:87,2
DA:88,1
DA:90,0
DA:96,1
DA:98,2
DA:100,2
DA:111,1
DA:112,4
DA:113,4
DA:120,4
DA:122,4
DA:124,4
DA:133,1
LF:37
LH:36
BRDA:111,0,0,0
BRF:1
BRH:0
end_of_record
